<?xml version="1.0" encoding="UTF-8"?>
<!-- Generated by org.testng.reporters.JUnitReportReporter -->
<testsuite hostname="PREETHI" failures="0" tests="1" name="pageobjectclass.opencartaccountregistration" time="1.451" errors="0" timestamp="2025-04-20T09:24:57 IST" skipped="0">
  <testcase classname="pageobjectclass.opencartaccountregistration" name="loginpage" time="1.451"/>
</testsuite> <!-- pageobjectclass.opencartaccountregistration -->
