<?xml version="1.0" encoding="UTF-8"?>
<!-- Generated by org.testng.reporters.JUnitReportReporter -->
<testsuite hostname="PREETHI" failures="0" tests="1" name="testClass.opencartaccountregistration" time="10.338" errors="0" timestamp="2025-05-17T20:30:13 IST" skipped="0">
  <testcase classname="testClass.opencartaccountregistration" name="registration" time="10.338"/>
</testsuite> <!-- testClass.opencartaccountregistration -->
