<?xml version="1.0" encoding="UTF-8"?>
<!-- Generated by org.testng.reporters.JUnitReportReporter -->
<testsuite hostname="PREETHI" failures="0" tests="1" name="testClass.Logintestcase" time="11.086" errors="0" timestamp="2025-05-17T20:30:13 IST" skipped="0">
  <testcase classname="testClass.Logintestcase" name="loginAccount" time="11.086"/>
</testsuite> <!-- testClass.Logintestcase -->
